Log file open, 02/26/19 23:00:38
LogWindows: Failed to load 'aqProf.dll' (GetLastError=126)
LogWindows: File 'aqProf.dll' does not exist
LogWindows: Failed to load 'VtuneApi.dll' (GetLastError=126)
LogWindows: File 'VtuneApi.dll' does not exist
LogWindows: Failed to load 'VtuneApi32e.dll' (GetLastError=126)
LogWindows: File 'VtuneApi32e.dll' does not exist
LogConsoleResponse: Display: Failed to find resolution value strings in scalability ini. Falling back to default.
LogInit: Display: Running engine for game: Apex_Legends_Clone
LogPakFile: Registered encryption key '00000000000000000000000000000000': 0 pak files mounted, 0 remain pending
LogPlatformFile: Not using cached read wrapper
LogTaskGraph: Started task graph with 5 named threads and 47 total threads with 3 sets of task threads.
LogStats: Stats thread started at 0.641854
LogD3D11RHI: Loaded GFSDK_Aftermath_Lib.x64.dll
LogICUInternationalization: ICU TimeZone Detection - Raw Offset: +9:00, Platform Override: ''
LogPluginManager: Mounting plugin Paper2D
LogPluginManager: Mounting plugin AISupport
LogPluginManager: Mounting plugin LightPropagationVolume
LogPluginManager: Mounting plugin ActorLayerUtilities
LogPluginManager: Mounting plugin CLionSourceCodeAccess
LogPluginManager: Mounting plugin CodeLiteSourceCodeAccess
LogPluginManager: Mounting plugin GitSourceControl
LogPluginManager: Mounting plugin KDevelopSourceCodeAccess
LogPluginManager: Mounting plugin NullSourceCodeAccess
LogPluginManager: Mounting plugin PerforceSourceControl
LogPluginManager: Mounting plugin SubversionSourceControl
LogPluginManager: Mounting plugin UObjectPlugin
LogPluginManager: Mounting plugin VisualStudioCodeSourceCodeAccess
LogPluginManager: Mounting plugin VisualStudioSourceCodeAccess
LogPluginManager: Mounting plugin XCodeSourceCodeAccess
LogPluginManager: Mounting plugin AssetManagerEditor
LogPluginManager: Mounting plugin CryptoKeys
LogPluginManager: Mounting plugin DataValidation
LogPluginManager: Mounting plugin FacialAnimation
LogPluginManager: Mounting plugin GameplayTagsEditor
LogPluginManager: Mounting plugin MacGraphicsSwitching
LogPluginManager: Mounting plugin MeshEditor
LogPluginManager: Mounting plugin MobileLauncherProfileWizard
LogPluginManager: Mounting plugin PluginBrowser
LogPluginManager: Mounting plugin SpeedTreeImporter
LogPluginManager: Mounting plugin DatasmithContent
LogPluginManager: Mounting plugin VariantManagerContent
LogPluginManager: Mounting plugin AlembicImporter
LogPluginManager: Mounting plugin AppleImageUtils
LogPluginManager: Mounting plugin AppleVision
LogPluginManager: Mounting plugin BackChannel
LogPluginManager: Mounting plugin CharacterAI
LogPluginManager: Mounting plugin GeometryCache
LogPluginManager: Mounting plugin HTML5Networking
LogPluginManager: Mounting plugin ProxyLODPlugin
LogPluginManager: Mounting plugin MagicLeap
LogPluginManager: Mounting plugin MagicLeapMedia
LogPluginManager: Mounting plugin AndroidMedia
LogPluginManager: Mounting plugin AvfMedia
LogPluginManager: Mounting plugin ImgMedia
LogPluginManager: Mounting plugin LinearTimecode
LogPluginManager: Mounting plugin MediaCompositing
LogPluginManager: Mounting plugin MediaPlayerEditor
LogPluginManager: Mounting plugin WebMMedia
LogPluginManager: Mounting plugin WmfMedia
LogPluginManager: Mounting plugin TcpMessaging
LogPluginManager: Mounting plugin UdpMessaging
LogPluginManager: Mounting plugin ActorSequence
LogPluginManager: Mounting plugin LevelSequenceEditor
LogPluginManager: Mounting plugin MatineeToLevelSequence
LogPluginManager: Mounting plugin NetcodeUnitTest
LogPluginManager: Mounting plugin NUTUnrealEngine4
LogPluginManager: Mounting plugin OnlineSubsystemGooglePlay
LogPluginManager: Mounting plugin OnlineSubsystemIOS
LogPluginManager: Mounting plugin OnlineSubsystem
LogPluginManager: Mounting plugin OnlineSubsystemNull
LogPluginManager: Mounting plugin OnlineSubsystemUtils
LogPluginManager: Mounting plugin LauncherChunkInstaller
LogPluginManager: Mounting plugin AndroidDeviceProfileSelector
LogPluginManager: Mounting plugin AndroidMoviePlayer
LogPluginManager: Mounting plugin AndroidPermission
LogPluginManager: Mounting plugin AppleMoviePlayer
LogPluginManager: Mounting plugin ArchVisCharacter
LogPluginManager: Mounting plugin AudioCapture
LogPluginManager: Mounting plugin CableComponent
LogPluginManager: Mounting plugin CustomMeshComponent
LogPluginManager: Mounting plugin EditableMesh
LogPluginManager: Mounting plugin ExampleDeviceProfileSelector
LogPluginManager: Mounting plugin Firebase
LogPluginManager: Mounting plugin GoogleCloudMessaging
LogPluginManager: Mounting plugin IOSDeviceProfileSelector
LogPluginManager: Mounting plugin LinuxDeviceProfileSelector
LogPluginManager: Mounting plugin LocationServicesBPLibrary
LogPluginManager: Mounting plugin MobilePatchingUtils
LogPluginManager: Mounting plugin OculusVR
LogPluginManager: Mounting plugin PhysXVehicles
LogPluginManager: Mounting plugin ProceduralMeshComponent
LogPluginManager: Mounting plugin RuntimePhysXCooking
LogPluginManager: Mounting plugin SteamVR
LogPluginManager: Mounting plugin WebMMoviePlayer
LogPluginManager: Mounting plugin WindowsMoviePlayer
LogStreaming: Display: Took  0.112s to configure plugins.
LogInit: Using libcurl 7.55.1-DEV
LogInit:  - built for x86_64-pc-win32
LogInit:  - supports SSL with OpenSSL/1.0.2h
LogInit:  - supports HTTP deflate (compression) using libz 1.2.8
LogInit:  - other features:
LogInit:      CURL_VERSION_SSL
LogInit:      CURL_VERSION_LIBZ
LogInit:      CURL_VERSION_IPV6
LogInit:      CURL_VERSION_ASYNCHDNS
LogInit:      CURL_VERSION_LARGEFILE
LogInit:      CURL_VERSION_IDN
LogInit:  CurlRequestOptions (configurable via config and command line):
LogInit:  - bVerifyPeer = true  - Libcurl will verify peer certificate
LogInit:  - bUseHttpProxy = false  - Libcurl will NOT use HTTP proxy
LogInit:  - bDontReuseConnections = false  - Libcurl will reuse connections
LogInit:  - MaxHostConnections = 16  - Libcurl will limit the number of connections to a host
LogInit:  - LocalHostAddr = Default
LogInit:  - BufferSize = 65536
LogInit: WinSock: version 1.1 (2.2), MaxSocks=32767, MaxUdp=65467
LogInit: Build: ++UE4+Release-4.21-CL-4753647
LogInit: Engine Version: 4.21.2-4753647+++UE4+Release-4.21
LogInit: Compatible Engine Version: 4.21.0-4541578+++UE4+Release-4.21
LogInit: Net CL: 4541578
LogInit: OS: Windows 10 (), CPU: AMD Ryzen 7 1700 Eight-Core Processor          , GPU: NVIDIA GeForce GTX 1070 Ti
LogInit: Compiled (64-bit): Jan 19 2019 02:07:31
LogInit: Compiled with Visual C++: 19.13.26129.00
LogInit: Build Configuration: Development
LogInit: Branch Name: ++UE4+Release-4.21
LogInit: Command Line:  -EpicPortal -epicusername=RaccoonK -epicuserid=64baab6f6387491ea50f35606effaecf -epiclocale=ko-KR
LogInit: Base Directory: D:/Programs/UE_4.21/Engine/Binaries/Win64/
LogInit: Installed Engine Build: 1
LogDevObjectVersion: Number of dev versions registered: 22
LogDevObjectVersion:   Dev-Blueprints (B0D832E4-1F89-4F0D-ACCF-7EB736FD4AA2): 10
LogDevObjectVersion:   Dev-Build (E1C64328-A22C-4D53-A36C-8E866417BD8C): 0
LogDevObjectVersion:   Dev-Core (375EC13C-06E4-48FB-B500-84F0262A717E): 2
LogDevObjectVersion:   Dev-Editor (E4B068ED-F494-42E9-A231-DA0B2E46BB41): 26
LogDevObjectVersion:   Dev-Framework (CFFC743F-43B0-4480-9391-14DF171D2073): 34
LogDevObjectVersion:   Dev-Mobile (B02B49B5-BB20-44E9-A304-32B752E40360): 2
LogDevObjectVersion:   Dev-Networking (A4E4105C-59A1-49B5-A7C5-40C4547EDFEE): 0
LogDevObjectVersion:   Dev-Online (39C831C9-5AE6-47DC-9A44-9C173E1C8E7C): 0
LogDevObjectVersion:   Dev-Physics (78F01B33-EBEA-4F98-B9B4-84EACCB95AA2): 0
LogDevObjectVersion:   Dev-Platform (6631380F-2D4D-43E0-8009-CF276956A95A): 0
LogDevObjectVersion:   Dev-Rendering (12F88B9F-8875-4AFC-A67C-D90C383ABD29): 27
LogDevObjectVersion:   Dev-Sequencer (7B5AE74C-D270-4C10-A958-57980B212A5A): 9
LogDevObjectVersion:   Dev-VR (D7296918-1DD6-4BDD-9DE2-64A83CC13884): 2
LogDevObjectVersion:   Dev-LoadTimes (C2A15278-BFE7-4AFE-6C17-90FF531DF755): 1
LogDevObjectVersion:   Private-Geometry (6EACA3D4-40EC-4CC1-B786-8BED09428FC5): 3
LogDevObjectVersion:   Dev-AnimPhys (29E575DD-E0A3-4627-9D10-D276232CDCEA): 17
LogDevObjectVersion:   Dev-Anim (AF43A65D-7FD3-4947-9873-3E8ED9C1BB05): 2
LogDevObjectVersion:   Dev-ReflectionCapture (6B266CEC-1EC7-4B8F-A30B-E4D90942FC07): 1
LogDevObjectVersion:   Dev-Automation (0DF73D61-A23F-47EA-B727-89E90C41499A): 1
LogDevObjectVersion:   FortniteMain (601D1886-AC64-4F84-AA16-D3DE0DEAC7D6): 17
LogDevObjectVersion:   Dev-Enterprise (9DFFBCD6-494F-0158-E221-12823C92A888): 4
LogDevObjectVersion:   Dev-Niagara (F2AED0AC-9AFE-416F-8664-AA7FFA26D6FC): 1
LogStreaming: Display: Took  0.002s to delete old logs.
LogInit: Presizing for max 8388607 objects, including 0 objects not considered by GC, pre-allocating 0 bytes for permanent pool.
LogInit: Object subsystem initialized
LogConfig: Setting CVar [[con.DebugEarlyDefault:1]]
LogConfig: Setting CVar [[r.setres:1280x720]]
[2019.02.26-14.00.39:886][  0]LogConfig: Setting CVar [[r.VSync:0]]
[2019.02.26-14.00.39:886][  0]LogConfig: Setting CVar [[r.RHICmdBypass:0]]
[2019.02.26-14.00.39:887][  0]LogConfig: Applying CVar settings from Section [/Script/Engine.RendererSettings] File [D:/Projects/ApexLegends_Clone/Apex_Legends_Clone/Saved/Config/Windows/Engine.ini]
[2019.02.26-14.00.39:887][  0]LogConfig: Setting CVar [[r.GPUCrashDebugging:0]]
[2019.02.26-14.00.39:887][  0]LogConfig: Applying CVar settings from Section [/Script/Engine.RendererOverrideSettings] File [D:/Projects/ApexLegends_Clone/Apex_Legends_Clone/Saved/Config/Windows/Engine.ini]
[2019.02.26-14.00.39:887][  0]LogConfig: Applying CVar settings from Section [/Script/Engine.StreamingSettings] File [D:/Projects/ApexLegends_Clone/Apex_Legends_Clone/Saved/Config/Windows/Engine.ini]
[2019.02.26-14.00.39:887][  0]LogConfig: Setting CVar [[s.MinBulkDataSizeForAsyncLoading:131072]]
[2019.02.26-14.00.39:887][  0]LogConfig: Setting CVar [[s.AsyncLoadingThreadEnabled:0]]
[2019.02.26-14.00.39:887][  0]LogConfig: Setting CVar [[s.EventDrivenLoaderEnabled:1]]
[2019.02.26-14.00.39:887][  0]LogConfig: Setting CVar [[s.WarnIfTimeLimitExceeded:0]]
[2019.02.26-14.00.39:887][  0]LogConfig: Setting CVar [[s.TimeLimitExceededMultiplier:1.5]]
[2019.02.26-14.00.39:887][  0]LogConfig: Setting CVar [[s.TimeLimitExceededMinTime:0.005]]
[2019.02.26-14.00.39:887][  0]LogConfig: Setting CVar [[s.UseBackgroundLevelStreaming:1]]
[2019.02.26-14.00.39:887][  0]LogConfig: Setting CVar [[s.PriorityAsyncLoadingExtraTime:15.0]]
[2019.02.26-14.00.39:887][  0]LogConfig: Setting CVar [[s.LevelStreamingActorsUpdateTimeLimit:5.0]]
[2019.02.26-14.00.39:887][  0]LogConfig: Setting CVar [[s.PriorityLevelStreamingActorsUpdateExtraTime:5.0]]
[2019.02.26-14.00.39:887][  0]LogConfig: Setting CVar [[s.LevelStreamingComponentsRegistrationGranularity:10]]
[2019.02.26-14.00.39:887][  0]LogConfig: Setting CVar [[s.UnregisterComponentsTimeLimit:1.0]]
[2019.02.26-14.00.39:887][  0]LogConfig: Setting CVar [[s.LevelStreamingComponentsUnregistrationGranularity:5]]
[2019.02.26-14.00.39:887][  0]LogConfig: Applying CVar settings from Section [/Script/Engine.GarbageCollectionSettings] File [D:/Projects/ApexLegends_Clone/Apex_Legends_Clone/Saved/Config/Windows/Engine.ini]
[2019.02.26-14.00.39:887][  0]LogConfig: Setting CVar [[gc.MaxObjectsNotConsideredByGC:1]]
[2019.02.26-14.00.39:887][  0]LogConfig: Setting CVar [[gc.SizeOfPermanentObjectPool:0]]
[2019.02.26-14.00.39:887][  0]LogConfig: Setting CVar [[gc.FlushStreamingOnGC:0]]
[2019.02.26-14.00.39:887][  0]LogConfig: Setting CVar [[gc.NumRetriesBeforeForcingGC:10]]
[2019.02.26-14.00.39:887][  0]LogConfig: Setting CVar [[gc.AllowParallelGC:1]]
[2019.02.26-14.00.39:887][  0]LogConfig: Setting CVar [[gc.TimeBetweenPurgingPendingKillObjects:61.1]]
[2019.02.26-14.00.39:887][  0]LogConfig: Setting CVar [[gc.MaxObjectsInEditor:8388607]]
[2019.02.26-14.00.39:887][  0]LogConfig: Setting CVar [[gc.IncrementalBeginDestroyEnabled:1]]
[2019.02.26-14.00.39:887][  0]LogConfig: Setting CVar [[gc.CreateGCClusters:1]]
[2019.02.26-14.00.39:887][  0]LogConfig: Setting CVar [[gc.MergeGCClusters:0]]
[2019.02.26-14.00.39:887][  0]LogConfig: Setting CVar [[gc.MinGCClusterSize:5]]
[2019.02.26-14.00.39:887][  0]LogConfig: Setting CVar [[gc.ActorClusteringEnabled:0]]
[2019.02.26-14.00.39:887][  0]LogConfig: Setting CVar [[gc.BlueprintClusteringEnabled:0]]
[2019.02.26-14.00.39:887][  0]LogConfig: Setting CVar [[gc.UseDisregardForGCOnDedicatedServers:0]]
[2019.02.26-14.00.39:887][  0]LogConfig: Applying CVar settings from Section [/Script/Engine.NetworkSettings] File [D:/Projects/ApexLegends_Clone/Apex_Legends_Clone/Saved/Config/Windows/Engine.ini]
[2019.02.26-14.00.39:887][  0]LogConfig: Applying CVar settings from Section [/Script/UnrealEd.CookerSettings] File [D:/Projects/ApexLegends_Clone/Apex_Legends_Clone/Saved/Config/Windows/Engine.ini]
[2019.02.26-14.00.39:892][  0]LogConfig: Applying CVar settings from Section [ViewDistanceQuality@3] File [D:/Projects/ApexLegends_Clone/Apex_Legends_Clone/Saved/Config/Windows/Scalability.ini]
[2019.02.26-14.00.39:892][  0]LogConfig: Setting CVar [[r.SkeletalMeshLODBias:0]]
[2019.02.26-14.00.39:892][  0]LogConfig: Setting CVar [[r.ViewDistanceScale:1.0]]
[2019.02.26-14.00.39:892][  0]LogConfig: Applying CVar settings from Section [AntiAliasingQuality@3] File [D:/Projects/ApexLegends_Clone/Apex_Legends_Clone/Saved/Config/Windows/Scalability.ini]
[2019.02.26-14.00.39:892][  0]LogConfig: Setting CVar [[r.PostProcessAAQuality:4]]
[2019.02.26-14.00.39:892][  0]LogConfig: Applying CVar settings from Section [ShadowQuality@3] File [D:/Projects/ApexLegends_Clone/Apex_Legends_Clone/Saved/Config/Windows/Scalability.ini]
[2019.02.26-14.00.39:892][  0]LogConfig: Setting CVar [[r.LightFunctionQuality:1]]
[2019.02.26-14.00.39:892][  0]LogConfig: Setting CVar [[r.ShadowQuality:5]]
[2019.02.26-14.00.39:892][  0]LogConfig: Setting CVar [[r.Shadow.CSM.MaxCascades:10]]
[2019.02.26-14.00.39:892][  0]LogConfig: Setting CVar [[r.Shadow.MaxResolution:2048]]
[2019.02.26-14.00.39:892][  0]LogConfig: Setting CVar [[r.Shadow.MaxCSMResolution:2048]]
[2019.02.26-14.00.39:892][  0]LogConfig: Setting CVar [[r.Shadow.RadiusThreshold:0.01]]
[2019.02.26-14.00.39:892][  0]LogConfig: Setting CVar [[r.Shadow.DistanceScale:1.0]]
[2019.02.26-14.00.39:892][  0]LogConfig: Setting CVar [[r.Shadow.CSM.TransitionScale:1.0]]
[2019.02.26-14.00.39:892][  0]LogConfig: Setting CVar [[r.Shadow.PreShadowResolutionFactor:1.0]]
[2019.02.26-14.00.39:892][  0]LogConfig: Setting CVar [[r.DistanceFieldShadowing:1]]
[2019.02.26-14.00.39:892][  0]LogConfig: Setting CVar [[r.DistanceFieldAO:1]]
[2019.02.26-14.00.39:892][  0]LogConfig: Setting CVar [[r.AOQuality:2]]
[2019.02.26-14.00.39:892][  0]LogConfig: Setting CVar [[r.VolumetricFog:1]]
[2019.02.26-14.00.39:892][  0]LogConfig: Setting CVar [[r.VolumetricFog.GridPixelSize:8]]
[2019.02.26-14.00.39:892][  0]LogConfig: Setting CVar [[r.VolumetricFog.GridSizeZ:128]]
[2019.02.26-14.00.39:892][  0]LogConfig: Setting CVar [[r.VolumetricFog.HistoryMissSupersampleCount:4]]
[2019.02.26-14.00.39:892][  0]LogConfig: Setting CVar [[r.LightMaxDrawDistanceScale:1]]
[2019.02.26-14.00.39:892][  0]LogConfig: Setting CVar [[r.CapsuleShadows:1]]
[2019.02.26-14.00.39:892][  0]LogConfig: Applying CVar settings from Section [PostProcessQuality@3] File [D:/Projects/ApexLegends_Clone/Apex_Legends_Clone/Saved/Config/Windows/Scalability.ini]
[2019.02.26-14.00.39:892][  0]LogConfig: Setting CVar [[r.MotionBlurQuality:4]]
[2019.02.26-14.00.39:892][  0]LogConfig: Setting CVar [[r.AmbientOcclusionMipLevelFactor:0.4]]
[2019.02.26-14.00.39:892][  0]LogConfig: Setting CVar [[r.AmbientOcclusionMaxQuality:100]]
[2019.02.26-14.00.39:892][  0]LogConfig: Setting CVar [[r.AmbientOcclusionLevels:-1]]
[2019.02.26-14.00.39:892][  0]LogConfig: Setting CVar [[r.AmbientOcclusionRadiusScale:1.0]]
[2019.02.26-14.00.39:892][  0]LogConfig: Setting CVar [[r.DepthOfFieldQuality:2]]
[2019.02.26-14.00.39:892][  0]LogConfig: Setting CVar [[r.RenderTargetPoolMin:400]]
[2019.02.26-14.00.39:892][  0]LogConfig: Setting CVar [[r.LensFlareQuality:2]]
[2019.02.26-14.00.39:892][  0]LogConfig: Setting CVar [[r.SceneColorFringeQuality:1]]
[2019.02.26-14.00.39:893][  0]LogConfig: Setting CVar [[r.EyeAdaptationQuality:2]]
[2019.02.26-14.00.39:893][  0]LogConfig: Setting CVar [[r.BloomQuality:5]]
[2019.02.26-14.00.39:893][  0]LogConfig: Setting CVar [[r.FastBlurThreshold:100]]
[2019.02.26-14.00.39:893][  0]LogConfig: Setting CVar [[r.Upscale.Quality:3]]
[2019.02.26-14.00.39:893][  0]LogConfig: Setting CVar [[r.Tonemapper.GrainQuantization:1]]
[2019.02.26-14.00.39:893][  0]LogConfig: Setting CVar [[r.LightShaftQuality:1]]
[2019.02.26-14.00.39:893][  0]LogConfig: Setting CVar [[r.Filter.SizeScale:1]]
[2019.02.26-14.00.39:893][  0]LogConfig: Setting CVar [[r.Tonemapper.Quality:5]]
[2019.02.26-14.00.39:893][  0]LogConfig: Setting CVar [[r.DOF.Gather.AccumulatorQuality:1        ; higher gathering accumulator quality]]
[2019.02.26-14.00.39:893][  0]LogConfig: Setting CVar [[r.DOF.Gather.PostfilterMethod:1          ; Median3x3 postfilering method]]
[2019.02.26-14.00.39:893][  0]LogConfig: Setting CVar [[r.DOF.Gather.EnableBokehSettings:0       ; no bokeh simulation when gathering]]
[2019.02.26-14.00.39:893][  0]LogConfig: Setting CVar [[r.DOF.Gather.RingCount:4                 ; medium number of samples when gathering]]
[2019.02.26-14.00.39:893][  0]LogConfig: Setting CVar [[r.DOF.Scatter.ForegroundCompositing:1    ; additive foreground scattering]]
[2019.02.26-14.00.39:893][  0]LogConfig: Setting CVar [[r.DOF.Scatter.BackgroundCompositing:2    ; additive background scattering]]
[2019.02.26-14.00.39:893][  0]LogConfig: Setting CVar [[r.DOF.Scatter.EnableBokehSettings:1      ; bokeh simulation when scattering]]
[2019.02.26-14.00.39:893][  0]LogConfig: Setting CVar [[r.DOF.Scatter.MaxSpriteRatio:0.1         ; only a maximum of 10% of scattered bokeh]]
[2019.02.26-14.00.39:893][  0]LogConfig: Setting CVar [[r.DOF.Recombine.Quality:1                ; cheap slight out of focus]]
[2019.02.26-14.00.39:893][  0]LogConfig: Setting CVar [[r.DOF.Recombine.EnableBokehSettings:0    ; no bokeh simulation on slight out of focus]]
[2019.02.26-14.00.39:893][  0]LogConfig: Setting CVar [[r.DOF.TemporalAAQuality:1                ; more stable temporal accumulation]]
[2019.02.26-14.00.39:893][  0]LogConfig: Setting CVar [[r.DOF.Kernel.MaxForegroundRadius:0.025]]
[2019.02.26-14.00.39:893][  0]LogConfig: Setting CVar [[r.DOF.Kernel.MaxBackgroundRadius:0.025]]
[2019.02.26-14.00.39:893][  0]LogConfig: Applying CVar settings from Section [TextureQuality@3] File [D:/Projects/ApexLegends_Clone/Apex_Legends_Clone/Saved/Config/Windows/Scalability.ini]
[2019.02.26-14.00.39:893][  0]LogConfig: Setting CVar [[r.Streaming.MipBias:0]]
[2019.02.26-14.00.39:893][  0]LogConfig: Setting CVar [[r.Streaming.AmortizeCPUToGPUCopy:0]]
[2019.02.26-14.00.39:893][  0]LogConfig: Setting CVar [[r.Streaming.MaxNumTexturesToStreamPerFrame:0]]
[2019.02.26-14.00.39:893][  0]LogConfig: Setting CVar [[r.Streaming.Boost:1]]
[2019.02.26-14.00.39:893][  0]LogConfig: Setting CVar [[r.MaxAnisotropy:8]]
[2019.02.26-14.00.39:893][  0]LogConfig: Setting CVar [[r.Streaming.LimitPoolSizeToVRAM:0]]
[2019.02.26-14.00.39:893][  0]LogConfig: Setting CVar [[r.Streaming.PoolSize:1000]]
[2019.02.26-14.00.39:893][  0]LogConfig: Setting CVar [[r.Streaming.MaxEffectiveScreenSize:0]]
[2019.02.26-14.00.39:893][  0]LogConfig: Applying CVar settings from Section [EffectsQuality@3] File [D:/Projects/ApexLegends_Clone/Apex_Legends_Clone/Saved/Config/Windows/Scalability.ini]
[2019.02.26-14.00.39:893][  0]LogConfig: Setting CVar [[r.TranslucencyLightingVolumeDim:64]]
[2019.02.26-14.00.39:893][  0]LogConfig: Setting CVar [[r.RefractionQuality:2]]
[2019.02.26-14.00.39:893][  0]LogConfig: Setting CVar [[r.SSR.Quality:3]]
[2019.02.26-14.00.39:893][  0]LogConfig: Setting CVar [[r.SceneColorFormat:4]]
[2019.02.26-14.00.39:893][  0]LogConfig: Setting CVar [[r.DetailMode:2]]
[2019.02.26-14.00.39:893][  0]LogConfig: Setting CVar [[r.TranslucencyVolumeBlur:1]]
[2019.02.26-14.00.39:893][  0]LogConfig: Setting CVar [[r.MaterialQualityLevel:1 ; High quality]]
[2019.02.26-14.00.39:893][  0]LogConfig: Setting CVar [[r.SSS.Scale:1]]
[2019.02.26-14.00.39:893][  0]LogConfig: Setting CVar [[r.SSS.SampleSet:2]]
[2019.02.26-14.00.39:893][  0]LogConfig: Setting CVar [[r.SSS.Quality:1]]
[2019.02.26-14.00.39:893][  0]LogConfig: Setting CVar [[r.SSS.HalfRes:1]]
[2019.02.26-14.00.39:893][  0]LogConfig: Setting CVar [[r.EmitterSpawnRateScale:1.0]]
[2019.02.26-14.00.39:893][  0]LogConfig: Setting CVar [[r.ParticleLightQuality:2]]
[2019.02.26-14.00.39:893][  0]LogConfig: Applying CVar settings from Section [FoliageQuality@3] File [D:/Projects/ApexLegends_Clone/Apex_Legends_Clone/Saved/Config/Windows/Scalability.ini]
[2019.02.26-14.00.39:893][  0]LogConfig: Setting CVar [[foliage.DensityScale:1.0]]
[2019.02.26-14.00.39:893][  0]LogConfig: Setting CVar [[grass.DensityScale:1.0]]
[2019.02.26-14.00.39:893][  0]LogInit: Selected Device Profile: [Windows]
[2019.02.26-14.00.39:893][  0]LogInit: Applying CVar settings loaded from the selected device profile: [Windows]
[2019.02.26-14.00.39:922][  0]LogHAL: Display: Platform has ~ 32 GB [34304417792 / 34359738368 / 32], which maps to Largest [LargestMinGB=32, LargerMinGB=12, DefaultMinGB=8, SmallerMinGB=6, SmallestMinGB=0)
[2019.02.26-14.00.39:922][  0]LogConfig: Setting CVar [[r.Vulkan.UseRealUBs:1]]
[2019.02.26-14.00.39:922][  0]LogInit: Going up to parent DeviceProfile []
[2019.02.26-14.00.39:922][  0]LogConfig: Applying CVar settings from Section [ViewDistanceQuality@3] File [D:/Projects/ApexLegends_Clone/Apex_Legends_Clone/Saved/Config/Windows/Scalability.ini]
[2019.02.26-14.00.39:922][  0]LogConfig: Setting CVar [[r.SkeletalMeshLODBias:0]]
[2019.02.26-14.00.39:922][  0]LogConfig: Setting CVar [[r.ViewDistanceScale:1.0]]
[2019.02.26-14.00.39:922][  0]LogConfig: Applying CVar settings from Section [AntiAliasingQuality@3] File [D:/Projects/ApexLegends_Clone/Apex_Legends_Clone/Saved/Config/Windows/Scalability.ini]
[2019.02.26-14.00.39:922][  0]LogConfig: Setting CVar [[r.PostProcessAAQuality:4]]
[2019.02.26-14.00.39:922][  0]LogConfig: Applying CVar settings from Section [ShadowQuality@3] File [D:/Projects/ApexLegends_Clone/Apex_Legends_Clone/Saved/Config/Windows/Scalability.ini]
[2019.02.26-14.00.39:922][  0]LogConfig: Setting CVar [[r.LightFunctionQuality:1]]
[2019.02.26-14.00.39:922][  0]LogConfig: Setting CVar [[r.ShadowQuality:5]]
[2019.02.26-14.00.39:922][  0]LogConfig: Setting CVar [[r.Shadow.CSM.MaxCascades:10]]
[2019.02.26-14.00.39:922][  0]LogConfig: Setting CVar [[r.Shadow.MaxResolution:2048]]
[2019.02.26-14.00.39:922][  0]LogConfig: Setting CVar [[r.Shadow.MaxCSMResolution:2048]]
[2019.02.26-14.00.39:922][  0]LogConfig: Setting CVar [[r.Shadow.RadiusThreshold:0.01]]
[2019.02.26-14.00.39:922][  0]LogConfig: Setting CVar [[r.Shadow.DistanceScale:1.0]]
[2019.02.26-14.00.39:922][  0]LogConfig: Setting CVar [[r.Shadow.CSM.TransitionScale:1.0]]
[2019.02.26-14.00.39:922][  0]LogConfig: Setting CVar [[r.Shadow.PreShadowResolutionFactor:1.0]]
[2019.02.26-14.00.39:922][  0]LogConfig: Setting CVar [[r.DistanceFieldShadowing:1]]
[2019.02.26-14.00.39:922][  0]LogConfig: Setting CVar [[r.DistanceFieldAO:1]]
[2019.02.26-14.00.39:922][  0]LogConfig: Setting CVar [[r.AOQuality:2]]
[2019.02.26-14.00.39:922][  0]LogConfig: Setting CVar [[r.VolumetricFog:1]]
[2019.02.26-14.00.39:922][  0]LogConfig: Setting CVar [[r.VolumetricFog.GridPixelSize:8]]
[2019.02.26-14.00.39:922][  0]LogConfig: Setting CVar [[r.VolumetricFog.GridSizeZ:128]]
[2019.02.26-14.00.39:922][  0]LogConfig: Setting CVar [[r.VolumetricFog.HistoryMissSupersampleCount:4]]
[2019.02.26-14.00.39:922][  0]LogConfig: Setting CVar [[r.LightMaxDrawDistanceScale:1]]
[2019.02.26-14.00.39:922][  0]LogConfig: Setting CVar [[r.CapsuleShadows:1]]
[2019.02.26-14.00.39:922][  0]LogConfig: Applying CVar settings from Section [PostProcessQuality@3] File [D:/Projects/ApexLegends_Clone/Apex_Legends_Clone/Saved/Config/Windows/Scalability.ini]
[2019.02.26-14.00.39:922][  0]LogConfig: Setting CVar [[r.MotionBlurQuality:4]]
[2019.02.26-14.00.39:922][  0]LogConfig: Setting CVar [[r.AmbientOcclusionMipLevelFactor:0.4]]
[2019.02.26-14.00.39:922][  0]LogConfig: Setting CVar [[r.AmbientOcclusionMaxQuality:100]]
[2019.02.26-14.00.39:922][  0]LogConfig: Setting CVar [[r.AmbientOcclusionLevels:-1]]
[2019.02.26-14.00.39:922][  0]LogConfig: Setting CVar [[r.AmbientOcclusionRadiusScale:1.0]]
[2019.02.26-14.00.39:922][  0]LogConfig: Setting CVar [[r.DepthOfFieldQuality:2]]
[2019.02.26-14.00.39:922][  0]LogConfig: Setting CVar [[r.RenderTargetPoolMin:400]]
[2019.02.26-14.00.39:922][  0]LogConfig: Setting CVar [[r.LensFlareQuality:2]]
[2019.02.26-14.00.39:922][  0]LogConfig: Setting CVar [[r.SceneColorFringeQuality:1]]
[2019.02.26-14.00.39:922][  0]LogConfig: Setting CVar [[r.EyeAdaptationQuality:2]]
[2019.02.26-14.00.39:922][  0]LogConfig: Setting CVar [[r.BloomQuality:5]]
[2019.02.26-14.00.39:922][  0]LogConfig: Setting CVar [[r.FastBlurThreshold:100]]
[2019.02.26-14.00.39:922][  0]LogConfig: Setting CVar [[r.Upscale.Quality:3]]
[2019.02.26-14.00.39:923][  0]LogConfig: Setting CVar [[r.Tonemapper.GrainQuantization:1]]
[2019.02.26-14.00.39:923][  0]LogConfig: Setting CVar [[r.LightShaftQuality:1]]
[2019.02.26-14.00.39:923][  0]LogConfig: Setting CVar [[r.Filter.SizeScale:1]]
[2019.02.26-14.00.39:923][  0]LogConfig: Setting CVar [[r.Tonemapper.Quality:5]]
[2019.02.26-14.00.39:923][  0]LogConfig: Setting CVar [[r.DOF.Gather.AccumulatorQuality:1        ; higher gathering accumulator quality]]
[2019.02.26-14.00.39:923][  0]LogConfig: Setting CVar [[r.DOF.Gather.PostfilterMethod:1          ; Median3x3 postfilering method]]
[2019.02.26-14.00.39:923][  0]LogConfig: Setting CVar [[r.DOF.Gather.EnableBokehSettings:0       ; no bokeh simulation when gathering]]
[2019.02.26-14.00.39:923][  0]LogConfig: Setting CVar [[r.DOF.Gather.RingCount:4                 ; medium number of samples when gathering]]
[2019.02.26-14.00.39:923][  0]LogConfig: Setting CVar [[r.DOF.Scatter.ForegroundCompositing:1    ; additive foreground scattering]]
[2019.02.26-14.00.39:923][  0]LogConfig: Setting CVar [[r.DOF.Scatter.BackgroundCompositing:2    ; additive background scattering]]
[2019.02.26-14.00.39:923][  0]LogConfig: Setting CVar [[r.DOF.Scatter.EnableBokehSettings:1      ; bokeh simulation when scattering]]
[2019.02.26-14.00.39:923][  0]LogConfig: Setting CVar [[r.DOF.Scatter.MaxSpriteRatio:0.1         ; only a maximum of 10% of scattered bokeh]]
[2019.02.26-14.00.39:923][  0]LogConfig: Setting CVar [[r.DOF.Recombine.Quality:1                ; cheap slight out of focus]]
[2019.02.26-14.00.39:923][  0]LogConfig: Setting CVar [[r.DOF.Recombine.EnableBokehSettings:0    ; no bokeh simulation on slight out of focus]]
[2019.02.26-14.00.39:923][  0]LogConfig: Setting CVar [[r.DOF.TemporalAAQuality:1                ; more stable temporal accumulation]]
[2019.02.26-14.00.39:923][  0]LogConfig: Setting CVar [[r.DOF.Kernel.MaxForegroundRadius:0.025]]
[2019.02.26-14.00.39:923][  0]LogConfig: Setting CVar [[r.DOF.Kernel.MaxBackgroundRadius:0.025]]
[2019.02.26-14.00.39:923][  0]LogConfig: Applying CVar settings from Section [TextureQuality@3] File [D:/Projects/ApexLegends_Clone/Apex_Legends_Clone/Saved/Config/Windows/Scalability.ini]
[2019.02.26-14.00.39:923][  0]LogConfig: Setting CVar [[r.Streaming.MipBias:0]]
[2019.02.26-14.00.39:923][  0]LogConfig: Setting CVar [[r.Streaming.AmortizeCPUToGPUCopy:0]]
[2019.02.26-14.00.39:923][  0]LogConfig: Setting CVar [[r.Streaming.MaxNumTexturesToStreamPerFrame:0]]
[2019.02.26-14.00.39:923][  0]LogConfig: Setting CVar [[r.Streaming.Boost:1]]
[2019.02.26-14.00.39:923][  0]LogConfig: Setting CVar [[r.MaxAnisotropy:8]]
[2019.02.26-14.00.39:923][  0]LogConfig: Setting CVar [[r.Streaming.LimitPoolSizeToVRAM:0]]
[2019.02.26-14.00.39:923][  0]LogConfig: Setting CVar [[r.Streaming.PoolSize:1000]]
[2019.02.26-14.00.39:923][  0]LogConfig: Setting CVar [[r.Streaming.MaxEffectiveScreenSize:0]]
[2019.02.26-14.00.39:923][  0]LogConfig: Applying CVar settings from Section [EffectsQuality@3] File [D:/Projects/ApexLegends_Clone/Apex_Legends_Clone/Saved/Config/Windows/Scalability.ini]
[2019.02.26-14.00.39:923][  0]LogConfig: Setting CVar [[r.TranslucencyLightingVolumeDim:64]]
[2019.02.26-14.00.39:923][  0]LogConfig: Setting CVar [[r.RefractionQuality:2]]
[2019.02.26-14.00.39:923][  0]LogConfig: Setting CVar [[r.SSR.Quality:3]]
[2019.02.26-14.00.39:923][  0]LogConfig: Setting CVar [[r.SceneColorFormat:4]]
[2019.02.26-14.00.39:923][  0]LogConfig: Setting CVar [[r.DetailMode:2]]
[2019.02.26-14.00.39:923][  0]LogConfig: Setting CVar [[r.TranslucencyVolumeBlur:1]]
[2019.02.26-14.00.39:923][  0]LogConfig: Setting CVar [[r.MaterialQualityLevel:1 ; High quality]]
[2019.02.26-14.00.39:923][  0]LogConfig: Setting CVar [[r.SSS.Scale:1]]
[2019.02.26-14.00.39:923][  0]LogConfig: Setting CVar [[r.SSS.SampleSet:2]]
[2019.02.26-14.00.39:923][  0]LogConfig: Setting CVar [[r.SSS.Quality:1]]
[2019.02.26-14.00.39:923][  0]LogConfig: Setting CVar [[r.SSS.HalfRes:1]]
[2019.02.26-14.00.39:923][  0]LogConfig: Setting CVar [[r.EmitterSpawnRateScale:1.0]]
[2019.02.26-14.00.39:923][  0]LogConfig: Setting CVar [[r.ParticleLightQuality:2]]
[2019.02.26-14.00.39:923][  0]LogConfig: Applying CVar settings from Section [FoliageQuality@3] File [D:/Projects/ApexLegends_Clone/Apex_Legends_Clone/Saved/Config/Windows/Scalability.ini]
[2019.02.26-14.00.39:923][  0]LogConfig: Setting CVar [[foliage.DensityScale:1.0]]
[2019.02.26-14.00.39:923][  0]LogConfig: Setting CVar [[grass.DensityScale:1.0]]
[2019.02.26-14.00.39:923][  0]LogConfig: Applying CVar settings from Section [Startup] File [../../../Engine/Config/ConsoleVariables.ini]
[2019.02.26-14.00.39:929][  0]LogConfig: Setting CVar [[net.UseAdaptiveNetUpdateFrequency:0]]
[2019.02.26-14.00.39:929][  0]LogConfig: Applying CVar settings from Section [ConsoleVariables] File [D:/Projects/ApexLegends_Clone/Apex_Legends_Clone/Saved/Config/Windows/Engine.ini]
[2019.02.26-14.00.39:930][  0]LogInit: Computer: DESKTOP-CECO0DD
[2019.02.26-14.00.39:930][  0]LogInit: User: kang4
[2019.02.26-14.00.39:930][  0]LogInit: CPU Page size=4096, Cores=8
[2019.02.26-14.00.39:930][  0]LogInit: High frequency timer resolution =2.929705 MHz
[2019.02.26-14.00.39:930][  0]LogMemory: Memory total: Physical=31.9GB (32GB approx)
[2019.02.26-14.00.39:930][  0]LogMemory: Platform Memory Stats for Windows
[2019.02.26-14.00.39:930][  0]LogMemory: Process Physical Memory: 103.81 MB used, 103.81 MB peak
[2019.02.26-14.00.39:930][  0]LogMemory: Process Virtual Memory: 91.85 MB used, 91.85 MB peak
[2019.02.26-14.00.39:930][  0]LogMemory: Physical Memory: 6968.04 MB used,  25747.20 MB free, 32715.24 MB total
[2019.02.26-14.00.39:930][  0]LogMemory: Virtual Memory: 4685.97 MB used,  134213040.00 MB free, 134217728.00 MB total
[2019.02.26-14.00.40:098][  0]LogInit: Using OS detected language (ko-KR).
[2019.02.26-14.00.40:098][  0]LogInit: Using OS detected locale (ko-KR).
[2019.02.26-14.00.40:099][  0]LogTextLocalizationManager: No specific localization for 'ko-KR' exists, so the 'ko' localization will be used.
[2019.02.26-14.00.40:620][  0]LogStreaming: Display: Took  0.522s to InitEngineTextLocalization.
[2019.02.26-14.00.40:620][  0]LogInit: Setting process to per monitor DPI aware
[2019.02.26-14.00.40:723][  0]LogSlate: New Slate User Created.  User Index 0, Is Virtual User: 0
[2019.02.26-14.00.40:723][  0]LogSlate: Slate User Registered.  User Index 0, Is Virtual User: 0
[2019.02.26-14.00.43:748][  0]LogHMD: Failed to initialize OpenVR with code 110
[2019.02.26-14.00.43:748][  0]LogD3D11RHI: D3D11 adapters:
[2019.02.26-14.00.43:846][  0]LogD3D11RHI:    0. 'NVIDIA GeForce GTX 1070 Ti' (Feature Level 11_0)
[2019.02.26-14.00.43:846][  0]LogD3D11RHI:       8080/0/16357 MB DedicatedVideo/DedicatedSystem/SharedSystem, Outputs:1, VendorId:0x10de
[2019.02.26-14.00.43:848][  0]LogD3D11RHI:    1. 'Microsoft Basic Render Driver' (Feature Level 11_0)
[2019.02.26-14.00.43:848][  0]LogD3D11RHI:       0/0/16357 MB DedicatedVideo/DedicatedSystem/SharedSystem, Outputs:0, VendorId:0x1414
[2019.02.26-14.00.43:848][  0]LogD3D11RHI: Chosen D3D11 Adapter: 0
[2019.02.26-14.00.43:857][  0]LogD3D11RHI: Creating new Direct3DDevice
[2019.02.26-14.00.43:858][  0]LogD3D11RHI:     GPU DeviceId: 0x1b82 (for the marketing name, search the web for "GPU Device Id")
[2019.02.26-14.00.43:858][  0]LogWindows: EnumDisplayDevices:
[2019.02.26-14.00.43:858][  0]LogWindows:    0. 'NVIDIA GeForce GTX 1070 Ti' (P:1 D:1)
[2019.02.26-14.00.43:858][  0]LogWindows:    1. 'NVIDIA GeForce GTX 1070 Ti' (P:0 D:0)
[2019.02.26-14.00.43:858][  0]LogWindows:    2. 'NVIDIA GeForce GTX 1070 Ti' (P:0 D:0)
[2019.02.26-14.00.43:858][  0]LogWindows:    3. 'NVIDIA GeForce GTX 1070 Ti' (P:0 D:0)
[2019.02.26-14.00.43:859][  0]LogWindows: DebugString: FoundDriverCount:4 
[2019.02.26-14.00.43:859][  0]LogD3D11RHI:     Adapter Name: NVIDIA GeForce GTX 1070 Ti
[2019.02.26-14.00.43:859][  0]LogD3D11RHI:   Driver Version: 416.34 (internal:25.21.14.1634, unified:416.34)
[2019.02.26-14.00.43:859][  0]LogD3D11RHI:      Driver Date: 10-10-2018
[2019.02.26-14.00.43:859][  0]LogRHI: Texture pool is 5656 MB (70% of 8080 MB)
[2019.02.26-14.00.43:919][  0]LogD3D11RHI: Async texture creation enabled
[2019.02.26-14.00.43:958][  0]LogD3D11RHI: GPU Timing Frequency: 1000.000000 (Debug: 2 2)
[2019.02.26-14.00.44:500][  0]LogTemp: Display: Loaded TP AllDesktopTargetPlatform
[2019.02.26-14.00.44:527][  0]LogTemp: Display: Loaded TP MacClientTargetPlatform
[2019.02.26-14.00.44:560][  0]LogTemp: Display: Loaded TP MacNoEditorTargetPlatform
[2019.02.26-14.00.44:587][  0]LogTemp: Display: Loaded TP MacServerTargetPlatform
[2019.02.26-14.00.44:622][  0]LogTemp: Display: Loaded TP MacTargetPlatform
[2019.02.26-14.00.44:654][  0]LogTemp: Display: Loaded TP WindowsClientTargetPlatform
[2019.02.26-14.00.44:686][  0]LogTemp: Display: Loaded TP WindowsNoEditorTargetPlatform
[2019.02.26-14.00.44:713][  0]LogTemp: Display: Loaded TP WindowsServerTargetPlatform
[2019.02.26-14.00.44:733][  0]LogTemp: Display: Loaded TP WindowsTargetPlatform
[2019.02.26-14.00.44:853][  0]LogTemp: Display: Loaded TP AndroidTargetPlatform
[2019.02.26-14.00.44:853][  0]LogTemp: Display: Loaded TP AndroidTargetPlatform
[2019.02.26-14.00.44:853][  0]LogTemp: Display: Loaded TP AndroidTargetPlatform
[2019.02.26-14.00.44:853][  0]LogTemp: Display: Loaded TP AndroidTargetPlatform
[2019.02.26-14.00.44:853][  0]LogTemp: Display: Loaded TP AndroidTargetPlatform
[2019.02.26-14.00.44:853][  0]LogTemp: Display: Loaded TP AndroidTargetPlatform
[2019.02.26-14.00.44:853][  0]LogTemp: Display: Loaded TP AndroidTargetPlatform
[2019.02.26-14.00.44:853][  0]LogTemp: Display: Loaded TP AndroidTargetPlatform
[2019.02.26-14.00.44:853][  0]LogTemp: Display: Loaded TP AndroidTargetPlatform
[2019.02.26-14.00.44:853][  0]LogTemp: Display: Loaded TP AndroidTargetPlatform
[2019.02.26-14.00.44:853][  0]LogTemp: Display: Loaded TP AndroidTargetPlatform
[2019.02.26-14.00.44:853][  0]LogTemp: Display: Loaded TP AndroidTargetPlatform
[2019.02.26-14.00.44:853][  0]LogTemp: Display: Loaded TP AndroidTargetPlatform
[2019.02.26-14.00.44:853][  0]LogTemp: Display: Loaded TP AndroidTargetPlatform
[2019.02.26-14.00.44:853][  0]LogTemp: Display: Loaded TP AndroidTargetPlatform
[2019.02.26-14.00.44:853][  0]LogTemp: Display: Loaded TP AndroidTargetPlatform
[2019.02.26-14.00.44:853][  0]LogTemp: Display: Loaded TP AndroidTargetPlatform
[2019.02.26-14.00.44:853][  0]LogTemp: Display: Loaded TP AndroidTargetPlatform
[2019.02.26-14.00.44:866][  0]LogTemp: Display: Loaded TP HTML5TargetPlatform
[2019.02.26-14.00.44:981][  0]LogTemp: Display: Loaded TP IOSTargetPlatform
[2019.02.26-14.00.44:981][  0]LogTemp: Display: Loaded TP IOSTargetPlatform
[2019.02.26-14.00.45:025][  0]LogTemp: Display: Loaded TP TVOSTargetPlatform
[2019.02.26-14.00.45:025][  0]LogTemp: Display: Loaded TP TVOSTargetPlatform
[2019.02.26-14.00.45:053][  0]LogTemp: Display: Loaded TP LinuxClientTargetPlatform
[2019.02.26-14.00.45:080][  0]LogTemp: Display: Loaded TP LinuxNoEditorTargetPlatform
[2019.02.26-14.00.45:108][  0]LogTemp: Display: Loaded TP LinuxServerTargetPlatform
[2019.02.26-14.00.45:147][  0]LogTemp: Display: Loaded TP LinuxTargetPlatform
[2019.02.26-14.00.45:223][  0]LogTemp: Display: Loaded TP LuminTargetPlatform
[2019.02.26-14.00.45:223][  0]LogTemp: Display: Loaded TP LuminTargetPlatform
[2019.02.26-14.00.45:223][  0]LogTargetPlatformManager: Display: Building Assets For Windows
[2019.02.26-14.00.45:556][  0]LogShaderCompilers: Guid format shader working directory is -14 characters bigger than the processId version (../../../../../Projects/ApexLegends_Clone/Apex_Legends_Clone/Intermediate/Shaders/WorkingDirectory/5176/).
[2019.02.26-14.00.45:556][  0]LogShaderCompilers: Cleaned the shader compiler working directory 'C:/Users/kang4/AppData/Local/Temp/UnrealShaderWorkingDir/FBA7FE984C83CBF7EDC2CFA0A2B8C6E2/'.
[2019.02.26-14.00.45:557][  0]LogXGEController: Cannot use XGE Controller as Incredibuild is not installed on this machine.
[2019.02.26-14.00.45:558][  0]LogShaderCompilers: Cannot use XGE Shader Compiler as Incredibuild is not installed on this machine.
[2019.02.26-14.00.45:558][  0]LogShaderCompilers: Display: Using Local Shader Compiler.
[2019.02.26-14.00.47:651][  0]LogDerivedDataCache: Display: Max Cache Size: 512 MB
[2019.02.26-14.00.47:710][  0]LogDerivedDataCache: Loaded boot cache 0.06s 71MB C:/Users/kang4/AppData/Local/UnrealEngine/4.21/DerivedDataCache/Boot.ddc.
[2019.02.26-14.00.47:711][  0]LogDerivedDataCache: Display: Loaded Boot cache: C:/Users/kang4/AppData/Local/UnrealEngine/4.21/DerivedDataCache/Boot.ddc
[2019.02.26-14.00.47:711][  0]LogDerivedDataCache: FDerivedDataBackendGraph:  Pak pak cache file ../../../../../Projects/ApexLegends_Clone/Apex_Legends_Clone/DerivedDataCache/DDC.ddp not found, will not use a pak cache.
[2019.02.26-14.00.47:711][  0]LogDerivedDataCache: Unable to find inner node Pak for hierarchical cache Hierarchy.
[2019.02.26-14.00.47:711][  0]LogDerivedDataCache: FDerivedDataBackendGraph:  CompressedPak pak cache file ../../../../../Projects/ApexLegends_Clone/Apex_Legends_Clone/DerivedDataCache/Compressed.ddp not found, will not use a pak cache.
[2019.02.26-14.00.47:711][  0]LogDerivedDataCache: Unable to find inner node CompressedPak for hierarchical cache Hierarchy.
[2019.02.26-14.00.47:731][  0]LogDerivedDataCache: Display: Pak cache opened for reading ../../../Engine/DerivedDataCache/Compressed.ddp.
[2019.02.26-14.00.47:732][  0]LogDerivedDataCache: FDerivedDataBackendGraph:  EnterprisePak pak cache file ../../../Enterprise/DerivedDataCache/Compressed.ddp not found, will not use a pak cache.
[2019.02.26-14.00.47:732][  0]LogDerivedDataCache: Unable to find inner node EnterprisePak for hierarchical cache Hierarchy.
[2019.02.26-14.00.47:744][  0]LogDerivedDataCache: Using Local data cache path C:/Users/kang4/AppData/Local/UnrealEngine/Common/DerivedDataCache: Writable
[2019.02.26-14.00.47:744][  0]LogDerivedDataCache: Shared data cache path not found in *engine.ini, will not use an Shared cache.
[2019.02.26-14.00.47:744][  0]LogDerivedDataCache: Unable to find inner node Shared for hierarchical cache Hierarchy.
[2019.02.26-14.00.47:776][  0]LogMaterial: Verifying Global Shaders for PCD3D_SM5
[2019.02.26-14.00.47:778][  0]LogSlate: Using FreeType 2.6.0
[2019.02.26-14.00.47:788][  0]LogSlate: SlateFontServices - WITH_FREETYPE: 1, WITH_HARFBUZZ: 1
[2019.02.26-14.00.48:051][  0]LogAssetRegistry: FAssetRegistry took 0.0372 seconds to start up
[2019.02.26-14.00.48:448][  0]LogInit: Selected Device Profile: [Windows]
[2019.02.26-14.00.48:846][  0]LogSimplygon: Simplygon DLL not present - disabling.
[2019.02.26-14.00.48:877][  0]LogMeshReduction: Using SimplygonSwarm for distributed automatic mesh merging
[2019.02.26-14.00.48:877][  0]LogMeshReduction: Using ProxyLODMeshReduction for automatic mesh merging
[2019.02.26-14.00.48:877][  0]LogMeshReduction: Using QuadricMeshReduction for automatic static mesh reduction
[2019.02.26-14.00.48:877][  0]LogMeshReduction: No automatic skeletal mesh reduction module available
[2019.02.26-14.00.48:915][  0]LogNetVersion: Apex_Legends_Clone 1.0.0, NetCL: 4541578, EngineNetVer: 5, GameNetVer: 0 (Checksum: 3500003110)
[2019.02.26-14.00.50:116][  0]LogPackageLocalizationCache: Processed 11 localized package path(s) for 2 prioritized culture(s) in 0.130750 seconds
[2019.02.26-14.00.50:126][  0]LogUObjectArray: 39775 objects as part of root set at end of initial load.
[2019.02.26-14.00.50:126][  0]LogUObjectAllocator: 6914664 out of 0 bytes used by permanent object pool.
[2019.02.26-14.00.50:126][  0]LogUObjectArray: CloseDisregardForGC: 0/0 objects in disregard for GC pool
[2019.02.26-14.00.53:282][  0]LogTcpMessaging: Initializing TcpMessaging bridge
[2019.02.26-14.00.53:308][  0]LogUdpMessaging: Initializing bridge on interface 0.0.0.0:0 to multicast group 230.0.0.1:6666.
[2019.02.26-14.00.54:364][  0]SourceControl: 소스 컨트롤이 꺼졌습니다.
[2019.02.26-14.00.54:364][  0]SourceControl: 소스 컨트롤이 꺼졌습니다.
[2019.02.26-14.00.54:379][  0]SourceControl: 소스 컨트롤이 꺼졌습니다.
[2019.02.26-14.00.54:402][  0]SourceControl: 소스 컨트롤이 꺼졌습니다.
[2019.02.26-14.00.55:039][  0]LogAndroidPermission: UAndroidPermissionCallbackProxy::GetInstance
[2019.02.26-14.00.55:243][  0]LogOcInput: OculusInput pre-init called
[2019.02.26-14.00.55:475][  0]LogEngine: Initializing Engine...
[2019.02.26-14.00.55:476][  0]LogHMD: Failed to initialize OpenVR with code 110
[2019.02.26-14.00.55:477][  0]LogStats: UGameplayTagsManager::ConstructGameplayTagTree: ImportINI prefixes -  0.000 s
[2019.02.26-14.00.55:477][  0]LogStats: UGameplayTagsManager::ConstructGameplayTagTree: Construct from data asset -  0.000 s
[2019.02.26-14.00.55:477][  0]LogStats: UGameplayTagsManager::ConstructGameplayTagTree: ImportINI -  0.000 s
[2019.02.26-14.00.55:477][  0]LogStats: UGameplayTagsManager::ConstructGameplayTagTree: GameplayTagTreeChangedEvent.Broadcast -  0.000 s
[2019.02.26-14.00.55:949][  0]LogInit: Initializing FReadOnlyCVARCache
[2019.02.26-14.00.55:972][  0]LogAIModule: Creating AISystem for world Untitled
[2019.02.26-14.00.56:007][  0]LogInit: XAudio2 using '헤드셋 이어폰(Corsair VOID PRO Wireless Gaming Headset)' : 6 channels at 48 kHz using 16 bits per sample (channel mask 0x3f)
[2019.02.26-14.00.56:185][  0]LogInit: FAudioDevice initialized.
[2019.02.26-14.00.56:185][  0]LogNetVersion: Set ProjectVersion to 1.0.0.0. Version Checksum will be recalculated on next use.
[2019.02.26-14.00.56:273][  0]LogDerivedDataCache: Saved boot cache 0.09s 71MB C:/Users/kang4/AppData/Local/UnrealEngine/4.21/DerivedDataCache/Boot.ddc.
[2019.02.26-14.00.56:277][  0]LogInit: Texture streaming: Enabled
[2019.02.26-14.00.56:339][  0]LogEngineSessionManager: EngineSessionManager initialized
[2019.02.26-14.00.56:370][  0]LogInit: Transaction tracking system initialized
[2019.02.26-14.00.56:452][  0]BlueprintLog: New page: 에디터 로드
[2019.02.26-14.00.56:789][  0]LocalizationService: 현지화 서비스가 비활성화되었습니다.
[2019.02.26-14.00.57:829][  0]LogFileCache: Scanning file cache for directory 'D:/Projects/ApexLegends_Clone/Apex_Legends_Clone/Content/' took 0.02s
[2019.02.26-14.00.57:829][  0]LogCook: Display: Max memory allowance for cook 16384mb min free memory 0mb
[2019.02.26-14.00.57:829][  0]LogCook: Display: Mobile HDR setting 1
[2019.02.26-14.00.57:830][  0]LogGameplayTags: Display: UGameplayTagsManager::DoneAddingNativeTags. DelegateIsBound: 0
[2019.02.26-14.00.57:830][  0]LogStats: UGameplayTagsManager::ConstructGameplayTagTree: ImportINI prefixes -  0.000 s
[2019.02.26-14.00.57:830][  0]LogStats: UGameplayTagsManager::ConstructGameplayTagTree: Construct from data asset -  0.000 s
[2019.02.26-14.00.57:830][  0]LogStats: UGameplayTagsManager::ConstructGameplayTagTree: ImportINI -  0.000 s
[2019.02.26-14.00.57:830][  0]LogStats: UGameplayTagsManager::ConstructGameplayTagTree: GameplayTagTreeChangedEvent.Broadcast -  0.000 s
[2019.02.26-14.00.58:440][  0]SourceControl: 소스 컨트롤이 꺼졌습니다.
[2019.02.26-14.00.58:440][  0]Cmd: MAP LOAD FILE="../../../../../Projects/ApexLegends_Clone/Apex_Legends_Clone/Content/Maps/FPSMap.umap" TEMPLATE=0 SHOWPROGRESS=1 FEATURELEVEL=3
[2019.02.26-14.00.58:448][  0]LightingResults: New page: 라이팅 빌드
[2019.02.26-14.00.58:450][  0]MapCheck: New page: 맵 체크
[2019.02.26-14.00.58:450][  0]LightingResults: New page: 라이팅 빌드
[2019.02.26-14.00.58:746][  0]LogAIModule: Creating AISystem for world FPSMap
[2019.02.26-14.00.58:756][  0]LogEditorServer: Finished looking for orphan Actors (0.000 secs)
[2019.02.26-14.00.58:797][  0]Cmd: MAP CHECKDEP NOCLEARLOG
[2019.02.26-14.00.58:797][  0]MapCheck: 맵 체크 완료: 오류 0 회, 경고 0 회, 소요 시간 0.143ms.
[2019.02.26-14.00.58:797][  0]LogFileHelpers: Loading map 'FPSMap' took 0.357
[2019.02.26-14.00.58:946][  0]LogSlate: Updating window title bar state: overlay mode, drag disabled, window buttons hidden, title bar hidden
[2019.02.26-14.00.58:956][  0]LogSlate: Updating window title bar state: overlay mode, drag disabled, window buttons hidden, title bar hidden
[2019.02.26-14.00.58:966][  0]LogSlate: Updating window title bar state: overlay mode, drag disabled, window buttons hidden, title bar hidden
[2019.02.26-14.00.58:976][  0]LogSlate: Updating window title bar state: overlay mode, drag disabled, window buttons hidden, title bar hidden
[2019.02.26-14.00.59:003][  0]LogCollectionManager: Loaded 0 collections in 0.001000 seconds
[2019.02.26-14.00.59:020][  0]LogFileCache: Scanning file cache for directory 'D:/Projects/ApexLegends_Clone/Apex_Legends_Clone/Saved/Collections/' took 0.01s
[2019.02.26-14.00.59:020][  0]LogFileCache: Scanning file cache for directory 'D:/Projects/ApexLegends_Clone/Apex_Legends_Clone/Content/Developers/kang4/Collections/' took 0.00s
[2019.02.26-14.00.59:020][  0]LogFileCache: Scanning file cache for directory 'D:/Projects/ApexLegends_Clone/Apex_Legends_Clone/Content/Collections/' took 0.00s
[2019.02.26-14.00.59:020][  0]LogCollectionManager: Rebuilt the GUID cache for 0 collections in 0.000000 seconds
[2019.02.26-14.00.59:033][  0]LogContentBrowser: Native class hierarchy populated in 0.0135 seconds. Added 2653 classes and 622 folders.
[2019.02.26-14.00.59:040][  0]LogContentBrowser: Native class hierarchy updated for 'WidgetCarousel' in 0.0004 seconds. Added 0 classes and 0 folders.
[2019.02.26-14.00.59:052][  0]LogPakFile: Registered encryption key '00000000000000000000000000000000': 0 pak files mounted, 0 remain pending
[2019.02.26-14.00.59:060][  0]LogPakFile: Registered encryption key '00000000000000000000000000000000': 0 pak files mounted, 0 remain pending
[2019.02.26-14.00.59:093][  0]LogPakFile: Registered encryption key '00000000000000000000000000000000': 0 pak files mounted, 0 remain pending
[2019.02.26-14.00.59:101][  0]LogPakFile: Registered encryption key '00000000000000000000000000000000': 0 pak files mounted, 0 remain pending
[2019.02.26-14.00.59:109][  0]LogPakFile: Registered encryption key '00000000000000000000000000000000': 0 pak files mounted, 0 remain pending
[2019.02.26-14.00.59:116][  0]LogPakFile: Registered encryption key '00000000000000000000000000000000': 0 pak files mounted, 0 remain pending
[2019.02.26-14.00.59:123][  0]LogPakFile: Registered encryption key '00000000000000000000000000000000': 0 pak files mounted, 0 remain pending
[2019.02.26-14.00.59:130][  0]LogPakFile: Registered encryption key '00000000000000000000000000000000': 0 pak files mounted, 0 remain pending
[2019.02.26-14.00.59:139][  0]LogPakFile: Registered encryption key '00000000000000000000000000000000': 0 pak files mounted, 0 remain pending
[2019.02.26-14.00.59:149][  0]LogPakFile: Registered encryption key '00000000000000000000000000000000': 0 pak files mounted, 0 remain pending
[2019.02.26-14.00.59:156][  0]LogPakFile: Registered encryption key '00000000000000000000000000000000': 0 pak files mounted, 0 remain pending
[2019.02.26-14.00.59:163][  0]LogPakFile: Registered encryption key '00000000000000000000000000000000': 0 pak files mounted, 0 remain pending
[2019.02.26-14.00.59:171][  0]LogPakFile: Registered encryption key '00000000000000000000000000000000': 0 pak files mounted, 0 remain pending
[2019.02.26-14.00.59:179][  0]LogPakFile: Registered encryption key '00000000000000000000000000000000': 0 pak files mounted, 0 remain pending
[2019.02.26-14.00.59:187][  0]LogPakFile: Registered encryption key '00000000000000000000000000000000': 0 pak files mounted, 0 remain pending
[2019.02.26-14.00.59:194][  0]LogPakFile: Registered encryption key '00000000000000000000000000000000': 0 pak files mounted, 0 remain pending
[2019.02.26-14.00.59:236][  0]LogPakFile: Registered encryption key '00000000000000000000000000000000': 0 pak files mounted, 0 remain pending
[2019.02.26-14.00.59:244][  0]LogPakFile: Registered encryption key '00000000000000000000000000000000': 0 pak files mounted, 0 remain pending
[2019.02.26-14.00.59:251][  0]LogPakFile: Registered encryption key '00000000000000000000000000000000': 0 pak files mounted, 0 remain pending
[2019.02.26-14.00.59:258][  0]LogPakFile: Registered encryption key '00000000000000000000000000000000': 0 pak files mounted, 0 remain pending
[2019.02.26-14.00.59:314][  0]LogPakFile: Registered encryption key '00000000000000000000000000000000': 0 pak files mounted, 0 remain pending
[2019.02.26-14.00.59:322][  0]LogPakFile: Registered encryption key '00000000000000000000000000000000': 0 pak files mounted, 0 remain pending
[2019.02.26-14.00.59:330][  0]LogPakFile: Registered encryption key '00000000000000000000000000000000': 0 pak files mounted, 0 remain pending
[2019.02.26-14.00.59:338][  0]LogPakFile: Registered encryption key '00000000000000000000000000000000': 0 pak files mounted, 0 remain pending
[2019.02.26-14.00.59:346][  0]LogPakFile: Registered encryption key '00000000000000000000000000000000': 0 pak files mounted, 0 remain pending
[2019.02.26-14.00.59:353][  0]LogPakFile: Registered encryption key '00000000000000000000000000000000': 0 pak files mounted, 0 remain pending
[2019.02.26-14.00.59:538][  0]LogContentBrowser: Native class hierarchy updated for 'AddContentDialog' in 0.0004 seconds. Added 0 classes and 0 folders.
[2019.02.26-14.00.59:562][  0]LogContentBrowser: Native class hierarchy updated for 'SceneOutliner' in 0.0005 seconds. Added 1 classes and 2 folders.
[2019.02.26-14.00.59:635][  0]LogContentBrowser: Native class hierarchy updated for 'HierarchicalLODOutliner' in 0.0005 seconds. Added 0 classes and 0 folders.
[2019.02.26-14.00.59:635][  0]LogLoad: (Engine Initialization) Total time: 24.20 seconds
[2019.02.26-14.00.59:635][  0]LogLoad: (Engine Initialization) Total Blueprint compile time: 0.00 seconds
[2019.02.26-14.00.59:705][  0]LogContentStreaming: Texture pool size now 1000 MB
[2019.02.26-14.00.59:711][  0]LogSlate: Took 0.005205 seconds to synchronously load lazily loaded font '../../../Engine/Content/Slate/Fonts/Roboto-Regular.ttf' (155K)
[2019.02.26-14.00.59:719][  0]LogSlate: Took 0.006977 seconds to synchronously load lazily loaded font '../../../Engine/Content/Editor/Slate/Fonts/NanumGothic.ttf' (4243K)
[2019.02.26-14.00.59:727][  0]LogSlate: Took 0.006799 seconds to synchronously load lazily loaded font '../../../Engine/Content/Editor/Slate/Fonts/NanumGothicBold.ttf' (4188K)
[2019.02.26-14.00.59:732][  0]LogSlate: Took 0.004907 seconds to synchronously load lazily loaded font '../../../Engine/Content/Slate/Fonts/Roboto-Bold.ttf' (160K)
[2019.02.26-14.00.59:744][  0]LogSlate: Took 0.006571 seconds to synchronously load lazily loaded font '../../../Engine/Content/Editor/Slate/Fonts/FontAwesome.ttf' (139K)
[2019.02.26-14.00.59:994][  0]LogSlate: Took 0.006871 seconds to synchronously load lazily loaded font '../../../Engine/Content/Slate/Fonts/Roboto-Light.ttf' (167K)
[2019.02.26-14.01.00:013][  1]LogRenderer: Reallocating scene render targets to support 980x572 Format 10 NumSamples 1 (Frame:1).
[2019.02.26-14.01.00:103][  2]LogAssetRegistry: Asset discovery search completed in 12.0752 seconds
[2019.02.26-14.01.00:106][  2]LogCollectionManager: Rebuilt the object cache for 0 collections in 0.000000 seconds (found 0 objects)
[2019.02.26-14.01.00:106][  2]LogCollectionManager: Fixed up redirectors for 0 collections in 0.000101 seconds (updated 0 objects)
[2019.02.26-14.02.02:295][189]LogSlate: FSceneViewport::OnFocusLost() reason 0
[2019.02.26-14.02.05:721][368]LogSlate: Only BGRA pngs, bmps or icos are supported in by External Image Picker
[2019.02.26-14.02.05:825][370]LogTemp: Executing iPhonePackager certificates Engine -bundlename com.YourCompany.ApexLegendsClone
[2019.02.26-14.02.05:825][370]LogTemp: CWD: D:\Programs\UE_4.21\Engine\Binaries\DotNET\IOS
[2019.02.26-14.02.05:825][370]LogTemp: Initial Dir: D:\Programs\UE_4.21
[2019.02.26-14.02.05:825][370]LogTemp: Env CWD: D:\Programs\UE_4.21\Engine\Binaries\DotNET\IOS
[2019.02.26-14.02.05:825][370]LogTemp: BranchPath = DESKTOP-CECO0DD/D/Programs/UE_4.21/Engine/Binaries --- GameBranchPath = DESKTOP-CECO0DD/D/Programs/UE_4.21/Engine/Binaries
[2019.02.26-14.02.05:846][371]LogTemp: IPP ERROR: Could not find provision directory 'C:\Users\kang4\AppData\Local/Apple Computer/MobileDevice/Provisioning Profiles/'.
[2019.02.26-14.02.42:289][377]LogSlate: Window '프로젝트 세팅' being destroyed
[2019.02.26-14.02.42:292][377]LogSlate: Window '프로젝트 세팅' being destroyed
[2019.02.26-14.02.55:955][  7]LogSlate: Took 0.000210 seconds to synchronously load lazily loaded font '../../../Engine/Content/Slate/Fonts/Roboto-Light.ttf' (167K)
[2019.02.26-14.02.56:016][  7]LogSlate: Took 0.006305 seconds to synchronously load lazily loaded font '../../../Engine/Content/Slate/Fonts/Roboto-BoldCondensed.ttf' (158K)
[2019.02.26-14.03.23:675][316]Running D:/Programs/UE_4.21/Engine/Binaries/DotNET/UnrealBuildTool.exe  -projectfiles -project="D:/Projects/ApexLegends_Clone/Apex_Legends_Clone/Apex_Legends_Clone.uproject" -game -rocket -progress
[2019.02.26-14.03.23:979][316]Discovering modules, targets and source code for project...
[2019.02.26-14.03.25:783][316]Binding IntelliSense data...
[2019.02.26-14.03.27:688][316]Binding IntelliSense data... 100%
[2019.02.26-14.03.27:688][316]Writing project files...
[2019.02.26-14.03.30:099][316]Writing project files... 100%
[2019.02.26-14.03.30:206][316]LogVSAccessor: Warning: Couldn't access Visual Studio
[2019.02.26-14.03.30:209][316]Candidate modules for hot reload:
[2019.02.26-14.03.30:209][316]  Apex_Legends_Clone
[2019.02.26-14.03.30:209][316]Launching UnrealBuildTool... [D:/Programs/UE_4.21/Engine/Binaries/DotNET/UnrealBuildTool.exe  -ModuleWithSuffix=Apex_Legends_Clone,6411 Win64 Development -TargetType=Editor -Project="../../../../../Projects/ApexLegends_Clone/Apex_Legends_Clone/Apex_Legends_Clone.uproject" -canskiplink "D:/Projects/ApexLegends_Clone/Apex_Legends_Clone/Apex_Legends_Clone.uproject" ]
[2019.02.26-14.04.35:140][316]CompilerResultsLog: New page: 컴파일 - 2019. 2. 27. 오전 8:04:35
[2019.02.26-14.04.35:140][316]CompilerResultsLog: Using 'git status' to determine working set for adaptive non-unity build (D:\Projects\ApexLegends_Clone).
[2019.02.26-14.04.35:140][316]CompilerResultsLog: Creating makefile for hot reloading Apex_Legends_CloneEditor (source directory changed)
[2019.02.26-14.04.35:140][316]CompilerResultsLog: Compiling game modules for hot reload
[2019.02.26-14.04.35:140][316]CompilerResultsLog: Using Visual Studio 2017 14.16.27023 toolchain (C:\Program Files (x86)\Microsoft Visual Studio\2017\Community\VC\Tools\MSVC\14.16.27023) and Windows 10.0.16299.0 SDK (C:\Program Files (x86)\Windows Kits\10).
[2019.02.26-14.04.35:140][316]CompilerResultsLog: Parsing headers for Apex_Legends_CloneEditor
[2019.02.26-14.04.35:140][316]CompilerResultsLog:   Running UnrealHeaderTool "D:\Projects\ApexLegends_Clone\Apex_Legends_Clone\Apex_Legends_Clone.uproject" "D:\Projects\ApexLegends_Clone\Apex_Legends_Clone\Intermediate\Build\Win64\Apex_Legends_CloneEditor\Development\Apex_Legends_CloneEditor.uhtmanifest" -LogCmds="loginit warning, logexit warning, logdatabase error" -Unattended -WarningsAsErrors -installed
[2019.02.26-14.04.35:140][316]CompilerResultsLog: Reflection code generated for Apex_Legends_CloneEditor in 11.0718724 seconds
[2019.02.26-14.04.35:140][316]CompilerResultsLog: Building 5 actions with 16 processes...
[2019.02.26-14.04.35:140][316]CompilerResultsLog:   [1/5] Apex_Legends_Clone.init.gen.cpp
[2019.02.26-14.04.35:140][316]CompilerResultsLog:   [2/5] ApexLegends_Projectile.cpp
[2019.02.26-14.04.35:141][316]CompilerResultsLog:   [3/5] ApexLegends_Projectile.gen.cpp
[2019.02.26-14.04.35:141][316]CompilerResultsLog:   [4/5] UE4Editor-Apex_Legends_Clone-6411.lib
[2019.02.26-14.04.35:141][316]CompilerResultsLog:      D:\Projects\ApexLegends_Clone\Apex_Legends_Clone\Intermediate\Build\Win64\UE4Editor\Development\Apex_Legends_Clone\UE4Editor-Apex_Legends_Clone-6411.lib ???̺귯?? ?? D:\Projects\ApexLegends_Clone\Apex_Legends_Clone\Intermediate\Build\Win64\UE4Editor\Development\Apex_Legends_Clone\UE4Editor-Apex_Legends_Clone-6411.exp ??ü?? ?????ϰ? ?ֽ??ϴ?.
[2019.02.26-14.04.35:141][316]CompilerResultsLog:   [5/5] UE4Editor-Apex_Legends_Clone-6411.dll
[2019.02.26-14.04.35:141][316]CompilerResultsLog:      D:\Projects\ApexLegends_Clone\Apex_Legends_Clone\Intermediate\Build\Win64\UE4Editor\Development\Apex_Legends_Clone\UE4Editor-Apex_Legends_Clone-6411.suppressed.lib ???̺귯?? ?? D:\Projects\ApexLegends_Clone\Apex_Legends_Clone\Intermediate\Build\Win64\UE4Editor\Development\Apex_Legends_Clone\UE4Editor-Apex_Legends_Clone-6411.suppressed.exp ??ü?? ?????ϰ? ?ֽ??ϴ?.
[2019.02.26-14.04.35:141][316]CompilerResultsLog: Total build time: 64.68 seconds (Parallel executor: 7.01 seconds)
[2019.02.26-14.04.35:141][316]LogMainFrame: MainFrame: Module compiling took 64.934 seconds
[2019.02.26-14.04.35:197][316]LogClass: Could not find existing class ApexLegends_Projectile in package /Script/Apex_Legends_Clone for HotReload, assuming new class
[2019.02.26-14.04.35:207][316]LogContentBrowser: Native class hierarchy updated for 'Apex_Legends_Clone' in 0.0004 seconds. Added 3 classes and 2 folders.
[2019.02.26-14.04.35:210][316]Display: HotReload successful (4 functions remapped  0 scriptstructs remapped)
[2019.02.26-14.04.35:457][316]LogContentBrowser: Native class hierarchy populated in 0.0127 seconds. Added 2655 classes and 624 folders.
[2019.02.26-14.04.35:457][316]Display: HotReload took 65.3s.
[2019.02.26-14.04.35:458][316]Warning: HotReload operation took 65.3s.
[2019.02.26-14.04.35:597][316]LogSlate: Window 'C++ 클래스 추가' being destroyed
[2019.02.26-14.04.35:635][317]LogHotReload: New module detected: UE4Editor-Apex_Legends_Clone-6411.dll
[2019.02.26-14.04.35:655][318]LogHotReload: Starting Hot-Reload from IDE
[2019.02.26-14.04.35:724][318]LogContentBrowser: Native class hierarchy updated for 'Apex_Legends_Clone' in 0.0004 seconds. Added 3 classes and 2 folders.
[2019.02.26-14.04.35:728][318]Display: HotReload successful (0 functions remapped  0 scriptstructs remapped)
[2019.02.26-14.04.35:784][318]LogContentBrowser: Native class hierarchy populated in 0.0130 seconds. Added 2655 classes and 624 folders.
[2019.02.26-14.04.35:786][318]Display: HotReload took  0.1s.
[2019.02.26-14.04.59:842][341]LogUnrealEdMisc: Warning: Heartbeat event firing too frequently (24.208 sec). This should never happen. Something is wrong with the timer delegate!
[2019.02.26-14.27.30:841][389]LogHotReload: New module detected: UE4Editor-Apex_Legends_Clone-6815.dll
[2019.02.26-14.27.31:867][393]LogHotReload: Starting Hot-Reload from IDE
[2019.02.26-14.27.31:955][393]LogClass: Could not find existing class ApexLegends_Projectile in package /Script/Apex_Legends_Clone for HotReload, assuming new class
[2019.02.26-14.27.31:956][393]LogClass: Could not find existing class BaseCharacter in package /Script/Apex_Legends_Clone for HotReload, assuming new class
[2019.02.26-14.27.31:956][393]LogClass: Function Fire is new.
[2019.02.26-14.27.31:957][393]LogClass: Function MoveForward is new.
[2019.02.26-14.27.31:957][393]LogClass: Function MoveRight is new.
[2019.02.26-14.27.31:957][393]LogClass: Function StartJump is new.
[2019.02.26-14.27.31:957][393]LogClass: Function StopJump is new.
[2019.02.26-14.27.31:961][393]LogHotReload: Re-instancing ApexLegends_Projectile after hot-reload.
[2019.02.26-14.27.32:054][393]LogHotReload: Re-instancing BaseCharacter after hot-reload.
[2019.02.26-14.27.32:138][393]LogContentBrowser: Native class hierarchy updated for 'Apex_Legends_Clone' in 0.0005 seconds. Added 3 classes and 2 folders.
[2019.02.26-14.27.32:141][393]Display: HotReload successful (0 functions remapped  0 scriptstructs remapped)
[2019.02.26-14.27.32:221][393]LogContentBrowser: Native class hierarchy populated in 0.0126 seconds. Added 2655 classes and 624 folders.
[2019.02.26-14.27.32:224][393]Display: HotReload took  0.4s.
[2019.02.26-14.42.10:564][ 24]LogHotReload: New module detected: UE4Editor-Apex_Legends_Clone-8333.dll
[2019.02.26-14.42.11:260][ 27]LogHotReload: Starting Hot-Reload from IDE
[2019.02.26-14.42.11:350][ 27]LogContentBrowser: Native class hierarchy updated for 'Apex_Legends_Clone' in 0.0006 seconds. Added 3 classes and 2 folders.
[2019.02.26-14.42.11:356][ 27]Display: HotReload successful (5 functions remapped  0 scriptstructs remapped)
[2019.02.26-14.42.11:445][ 27]LogContentBrowser: Native class hierarchy populated in 0.0141 seconds. Added 2655 classes and 624 folders.
[2019.02.26-14.42.11:448][ 27]Display: HotReload took  0.2s.
[2019.02.26-14.42.51:958][464]LogFactory: FactoryCreateFile: StaticMesh with FbxFactory (0 0 ../../../../../Game Assets/Sphere.FBX)
[2019.02.26-14.42.51:974][464]LogFbx: Loading FBX Scene from ../../../../../Game Assets/Sphere.FBX
[2019.02.26-14.42.51:982][464]LogFbx: FBX Scene Loaded Succesfully
[2019.02.26-14.42.57:548][464]LogSlate: Window 'FBX 임포트 옵션' being destroyed
[2019.02.26-14.42.57:720][464]LogMaterial: Display: Missing cached shader map for material Fbx_Default_Material, compiling. 
[2019.02.26-14.42.57:780][464]LogShaderCompilers: Display: Shaders left to compile 22
[2019.02.26-14.42.57:780][464]LogShaderCompilers: Display: Shaders left to compile 12
[2019.02.26-14.42.57:780][464]LogShaderCompilers: Display: Shaders left to compile 2
[2019.02.26-14.42.57:780][464]LogStaticMesh: Sphere 스태틱 메시 빌드중...
[2019.02.26-14.42.57:806][464]LogStaticMesh: Built static mesh [0.03s] /Game/Sphere.Sphere
[2019.02.26-14.42.57:818][464]FBXImport: Warning: 이 FBX 씬에 스무딩 그룹 정보가 없습니다. FBX 익스포트 플러그인에서 파일을 익스포트하기 전, 'Export Smoothing Groups' (스무딩 그룹 익스포트)를 켰는지 확인해 주시기 바랍니다. 스무딩 그룹을 지원하지 않는 툴의 경우에도, 임포트시 버텍스 노멀을 제대로 유추할 수 있도록 FBX 익스포터가 익스포트시 적합한 스무딩 데이터를 생성해 줍니다. 
[2019.02.26-14.42.57:906][465]LogSlate: Took 0.001892 seconds to synchronously load lazily loaded font '../../../Engine/Content/Slate/Fonts/../../Editor/Slate/Fonts/NanumGothic.ttf' (4243K)
[2019.02.26-14.43.00:953][816]LogFileHelpers: Editor autosave (incl. sublevels) for '/Game/Maps/FPSMap' took 0.039
[2019.02.26-14.43.00:954][816]OBJ SavePackage: Generating thumbnails for [1] asset(s) in package [/Game/Sphere] ([1] browsable assets)...
[2019.02.26-14.43.00:967][816]OBJ SavePackage:     Rendered thumbnail for [StaticMesh /Game/Sphere.Sphere]
[2019.02.26-14.43.00:967][816]OBJ SavePackage: Finished generating thumbnails for package [/Game/Sphere]
[2019.02.26-14.43.00:967][816]Cmd: OBJ SAVEPACKAGE PACKAGE="/Game/Sphere" FILE="../../../../../Projects/ApexLegends_Clone/Apex_Legends_Clone/Saved/Autosaves/Game/Sphere_Auto1.uasset" SILENT=false AUTOSAVING=true
[2019.02.26-14.43.00:986][816]LogSavePackage: Moving '../../../../../Projects/ApexLegends_Clone/Apex_Legends_Clone/Saved/Sphere_Auto1D4719E6E445259798E77F5ADE6AA957F.tmp' to '../../../../../Projects/ApexLegends_Clone/Apex_Legends_Clone/Saved/Autosaves/Game/Sphere_Auto1.uasset'
[2019.02.26-14.43.00:987][816]OBJ SavePackage: Generating thumbnails for [1] asset(s) in package [/Game/Fbx_Default_Material] ([1] browsable assets)...
[2019.02.26-14.43.00:998][816]OBJ SavePackage:     Rendered thumbnail for [Material /Game/Fbx_Default_Material.Fbx_Default_Material]
[2019.02.26-14.43.00:998][816]OBJ SavePackage: Finished generating thumbnails for package [/Game/Fbx_Default_Material]
[2019.02.26-14.43.01:016][816]LogSavePackage: Moving '../../../../../Projects/ApexLegends_Clone/Apex_Legends_Clone/Saved/Fbx_Default_Material_Auto154B6D453445DBCCFC8B338B47D1A4754.tmp' to '../../../../../Projects/ApexLegends_Clone/Apex_Legends_Clone/Saved/Autosaves/Game/Fbx_Default_Material_Auto1.uasset'
[2019.02.26-14.43.01:016][816]LogFileHelpers: Auto-saving content packages took 0.063
[2019.02.26-14.43.02:766][ 25]LogSlate: Window '메시지 로그' being destroyed
[2019.02.26-14.43.02:769][ 25]LogSlate: Window '메시지 로그' being destroyed
[2019.02.26-14.43.26:096][562]LogSlate: Window '부모 클래스 선택' being destroyed
[2019.02.26-14.43.48:314][222]LogAssetEditorManager: Opening Asset editor for Blueprint /Game/Blueprints/BP_ApexLegendsProjectile.BP_ApexLegendsProjectile
[2019.02.26-14.43.48:957][222]LogContentBrowser: Native class hierarchy updated for 'BlueprintGraph' in 0.0008 seconds. Added 117 classes and 0 folders.
[2019.02.26-14.43.50:056][223]LogRenderer: Reallocating scene render targets to support 980x892 Format 10 NumSamples 1 (Frame:1).
[2019.02.26-14.43.56:393][903]LogSlate: Took 0.007341 seconds to synchronously load lazily loaded font '../../../Engine/Content/Slate/Fonts/Roboto-Italic.ttf' (157K)
[2019.02.26-14.44.53:149][744]Cmd: TRANSACTION UNDO
[2019.02.26-14.44.53:149][744]LogEditorTransaction: Undo Can Character Step Up On 편집
[2019.02.26-14.45.20:858][622]BlueprintLog: New page: BP_ApexLegendsProjectile 컴파일
[2019.02.26-14.45.21:793][685]Cmd: OBJ SAVEPACKAGE PACKAGE="/Game/Blueprints/BP_ApexLegendsProjectile" FILE="../../../../../Projects/ApexLegends_Clone/Apex_Legends_Clone/Content/Blueprints/BP_ApexLegendsProjectile.uasset" SILENT=true
[2019.02.26-14.45.21:818][685]LogSavePackage: Moving '../../../../../Projects/ApexLegends_Clone/Apex_Legends_Clone/Saved/BP_ApexLegendsProjectile615C9D7547DD1BE88E001FB2B7FC84E9.tmp' to '../../../../../Projects/ApexLegends_Clone/Apex_Legends_Clone/Content/Blueprints/BP_ApexLegendsProjectile.uasset'
[2019.02.26-14.45.24:408][947]Cmd: OBJ SAVEPACKAGE PACKAGE="/Game/Blueprints/BP_ApexLegendsProjectile" FILE="../../../../../Projects/ApexLegends_Clone/Apex_Legends_Clone/Content/Blueprints/BP_ApexLegendsProjectile.uasset" SILENT=true
[2019.02.26-14.45.24:430][947]LogSavePackage: Moving '../../../../../Projects/ApexLegends_Clone/Apex_Legends_Clone/Saved/BP_ApexLegendsProjectileF78FF3C349752A41DA85E2B4335B3491.tmp' to '../../../../../Projects/ApexLegends_Clone/Apex_Legends_Clone/Content/Blueprints/BP_ApexLegendsProjectile.uasset'
[2019.02.26-14.45.26:044][109]LogSlate: Window 'BP_ApexLegendsProjectile' being destroyed
[2019.02.26-14.45.26:048][109]LogSlate: Window 'BP_ApexLegendsProjectile' being destroyed
[2019.02.26-14.45.34:456][ 92]LogAssetEditorManager: Opening Asset editor for Blueprint /Game/Blueprints/BP_BaseCharacter.BP_BaseCharacter
[2019.02.26-14.45.37:268][294]LogSlate: Window 'BP_BaseCharacter' being destroyed
[2019.02.26-14.45.37:348][294]LogAssetEditorManager: Opening Asset editor for Blueprint /Game/Blueprints/BP_BaseCharacter.BP_BaseCharacter
[2019.02.26-14.45.44:181][929]LogSlate: Window 'BP_BaseCharacter' being destroyed
[2019.02.26-14.45.44:184][929]LogSlate: Window 'BP_BaseCharacter' being destroyed
[2019.02.26-14.45.45:166][ 30]LogAssetEditorManager: Opening Asset editor for Blueprint /Game/Blueprints/BP_BaseCharacter.BP_BaseCharacter
[2019.02.26-14.45.57:709][149]LogSlate: Prevented a slow task dialog from being summoned while a context menu was open
[2019.02.26-14.46.18:110][949]LogSlate: Window '새 블루프린트 생성' being destroyed
[2019.02.26-14.46.36:822][789]BlueprintLog: New page: BP_BaseCharacter 컴파일
[2019.02.26-14.46.37:734][845]Cmd: OBJ SAVEPACKAGE PACKAGE="/Game/Blueprints/BP_BaseCharacter" FILE="../../../../../Projects/ApexLegends_Clone/Apex_Legends_Clone/Content/Blueprints/BP_BaseCharacter.uasset" SILENT=true
[2019.02.26-14.46.37:767][845]LogSavePackage: Moving '../../../../../Projects/ApexLegends_Clone/Apex_Legends_Clone/Saved/BP_BaseCharacterD49EAB0C47255A087947F4BEB2A87DE4.tmp' to '../../../../../Projects/ApexLegends_Clone/Apex_Legends_Clone/Content/Blueprints/BP_BaseCharacter.uasset'
[2019.02.26-14.46.39:166][967]LogSlate: Window 'BP_BaseCharacter' being destroyed
[2019.02.26-14.46.39:170][967]LogSlate: Window 'BP_BaseCharacter' being destroyed
[2019.02.26-14.46.41:116][190]LogEditorViewport: Clicking on Actor (LMB): BP_Sky_Sphere_C (Sky Sphere)
[2019.02.26-14.46.42:276][322]LogSlate: FSceneViewport::OnFocusLost() reason 0
[2019.02.26-14.46.42:384][335]LogTemp: Repeating last play command: 선택된 뷰포트
[2019.02.26-14.46.42:421][335]LogBlueprintUserMessages: Early PlayInEditor Detection: Level '/Game/Maps/FPSMap.FPSMap:PersistentLevel' has LevelScriptBlueprint '/Game/Maps/FPSMap.FPSMap:PersistentLevel.FPSMap' with GeneratedClass '/Game/Maps/FPSMap.FPSMap_C' with ClassGeneratedBy '/Game/Maps/FPSMap.FPSMap:PersistentLevel.FPSMap'
[2019.02.26-14.46.42:421][335]LogPlayLevel: PlayLevel: No blueprints needed recompiling
[2019.02.26-14.46.42:422][335]PIE: New page: PIE 세션: FPSMap (2019. 2. 27. 오전 8:46:42)
[2019.02.26-14.46.42:435][335]LogPlayLevel: Creating play world package: /Game/Maps/UEDPIE_0_FPSMap
[2019.02.26-14.46.42:439][335]LogPlayLevel: PIE: StaticDuplicateObject took: (0.003590s)
[2019.02.26-14.46.42:439][335]LogAIModule: Creating AISystem for world FPSMap
[2019.02.26-14.46.42:439][335]LogPlayLevel: PIE: World Init took: (0.000680s)
[2019.02.26-14.46.42:439][335]LogPlayLevel: PIE: Created PIE world by copying editor world from /Game/Maps/FPSMap.FPSMap to /Game/Maps/UEDPIE_0_FPSMap.FPSMap (0.004577s)
[2019.02.26-14.46.42:511][335]LogInit: XAudio2 using '헤드셋 이어폰(Corsair VOID PRO Wireless Gaming Headset)' : 6 channels at 48 kHz using 16 bits per sample (channel mask 0x3f)
[2019.02.26-14.46.42:659][335]LogInit: FAudioDevice initialized.
[2019.02.26-14.46.42:704][335]LogLinker: Warning: '/Game/Sphere' 파일을 찾을 수 없습니다.
[2019.02.26-14.46.42:704][335]LogLinker: Warning: ../../../../../Projects/ApexLegends_Clone/Apex_Legends_Clone/Content/Blueprints/BP_ApexLegendsProjectile.uasset 로드중 '/Game/Sphere' 애셋에 대한 파일을 찾을 수 없습니다.
[2019.02.26-14.46.42:704][335]LoadErrors: Error: /Game/Blueprints/BP_ApexLegendsProjectile : 애셋에 대한 파일을 찾을 수 없습니다. /Game/Sphere
[2019.02.26-14.46.42:705][335]LogLinker: Warning: '/Game/Sphere' 파일을 찾을 수 없습니다.
[2019.02.26-14.46.42:705][335]LogLinker: Warning: ../../../../../Projects/ApexLegends_Clone/Apex_Legends_Clone/Content/Blueprints/BP_ApexLegendsProjectile.uasset 로드중 '/Game/Sphere' 애셋에 대한 파일을 찾을 수 없습니다.
[2019.02.26-14.46.42:711][335]LogLoad: Game class is 'BP_ApexLegendsGameMode_C'
[2019.02.26-14.46.42:713][335]LogWorld: Bringing World /Game/Maps/UEDPIE_0_FPSMap.FPSMap up for play (max tick rate 0) at 2019.02.26-23.46.42
[2019.02.26-14.46.42:713][335]LogWorld: Bringing up level for play took: 0.000685
[2019.02.26-14.46.42:729][335]LogContentBrowser: Native class hierarchy updated for 'MovieSceneCapture' in 0.0005 seconds. Added 20 classes and 0 folders.
[2019.02.26-14.46.42:731][335]LogTemp: Warning: START
[2019.02.26-14.46.42:731][335]PIE: /Game/Maps/UEDPIE_0_FPSMap 에 대한 에디터에서 플레이 시작 시간: -0.045
[2019.02.26-14.46.42:731][335]LogBlueprintUserMessages: Late PlayInEditor Detection: Level '/Game/Maps/FPSMap.FPSMap:PersistentLevel' has LevelScriptBlueprint '/Game/Maps/FPSMap.FPSMap:PersistentLevel.FPSMap' with GeneratedClass '/Game/Maps/FPSMap.FPSMap_C' with ClassGeneratedBy '/Game/Maps/FPSMap.FPSMap:PersistentLevel.FPSMap'
[2019.02.26-14.46.58:473][221]LogBlueprintUserMessages: Early EndPlayMap Detection: Level '/Game/Maps/FPSMap.FPSMap:PersistentLevel' has LevelScriptBlueprint '/Game/Maps/FPSMap.FPSMap:PersistentLevel.FPSMap' with GeneratedClass '/Game/Maps/FPSMap.FPSMap_C' with ClassGeneratedBy '/Game/Maps/FPSMap.FPSMap:PersistentLevel.FPSMap'
[2019.02.26-14.46.58:474][221]LogSlate: Updating window title bar state: overlay mode, drag disabled, window buttons hidden, title bar hidden
[2019.02.26-14.46.58:512][221]LogPlayLevel: Display: Shutting down PIE online subsystems
[2019.02.26-14.46.58:512][221]LogBlueprintUserMessages: Late EndPlayMap Detection: Level '/Game/Maps/FPSMap.FPSMap:PersistentLevel' has LevelScriptBlueprint '/Game/Maps/FPSMap.FPSMap:PersistentLevel.FPSMap' with GeneratedClass '/Game/Maps/FPSMap.FPSMap_C' with ClassGeneratedBy '/Game/Maps/FPSMap.FPSMap:PersistentLevel.FPSMap'
[2019.02.26-14.46.58:552][221]LogSlate: Updating window title bar state: overlay mode, drag disabled, window buttons hidden, title bar hidden
[2019.02.26-14.46.58:592][223]LogPlayLevel: Display: Destroying online subsystem :Context_10
